<?xml version="1.0" encoding="UTF-8"?>
<testng-results ignored="0" total="1" passed="1" failed="0" skipped="0">
  <reporter-output>
  </reporter-output>
  <suite started-at="2024-02-01T11:30:34 IST" name="Default suite" finished-at="2024-02-01T11:33:14 IST" duration-ms="160014">
    <groups>
    </groups>
    <test started-at="2024-02-01T11:30:34 IST" name="Default test" finished-at="2024-02-01T11:33:14 IST" duration-ms="160014">
      <class name="AdminTests.AddNewCatagoryTests">
        <test-method is-config="true" signature="beforeMethod()[pri:0, instance:AdminTests.AddNewCatagoryTests@43dac38f]" started-at="2024-02-01T11:30:35 IST" name="beforeMethod" finished-at="2024-02-01T11:31:34 IST" duration-ms="59030" status="PASS">
          <reporter-output>
          </reporter-output>
        </test-method> <!-- beforeMethod -->
        <test-method signature="verifyAddNewCatagory()[pri:0, instance:AdminTests.AddNewCatagoryTests@43dac38f]" started-at="2024-02-01T11:31:34 IST" name="verifyAddNewCatagory" finished-at="2024-02-01T11:33:01 IST" duration-ms="87679" status="PASS">
          <reporter-output>
          </reporter-output>
        </test-method> <!-- verifyAddNewCatagory -->
        <test-method is-config="true" signature="afterMethod()[pri:0, instance:AdminTests.AddNewCatagoryTests@43dac38f]" started-at="2024-02-01T11:33:01 IST" name="afterMethod" finished-at="2024-02-01T11:33:14 IST" duration-ms="13112" status="PASS">
          <reporter-output>
          </reporter-output>
        </test-method> <!-- afterMethod -->
      </class> <!-- AdminTests.AddNewCatagoryTests -->
    </test> <!-- Default test -->
  </suite> <!-- Default suite -->
</testng-results>
